f:\glinttsd\vina-gpu-v2.0-cuda\x64\release\vc142.pdb
f:\glinttsd\vina-gpu-v2.0-cuda\x64\release\ssd.obj
f:\glinttsd\vina-gpu-v2.0-cuda\x64\release\random.obj
f:\glinttsd\vina-gpu-v2.0-cuda\x64\release\quaternion.obj
f:\glinttsd\vina-gpu-v2.0-cuda\x64\release\quasi_newton.obj
f:\glinttsd\vina-gpu-v2.0-cuda\x64\release\pdb.obj
f:\glinttsd\vina-gpu-v2.0-cuda\x64\release\parse_pdbqt.obj
f:\glinttsd\vina-gpu-v2.0-cuda\x64\release\parallel_progress.obj
f:\glinttsd\vina-gpu-v2.0-cuda\x64\release\parallel_mc.obj
f:\glinttsd\vina-gpu-v2.0-cuda\x64\release\non_cache.obj
f:\glinttsd\vina-gpu-v2.0-cuda\x64\release\naive_non_cache.obj
f:\glinttsd\vina-gpu-v2.0-cuda\x64\release\my_pid.obj
f:\glinttsd\vina-gpu-v2.0-cuda\x64\release\mutate.obj
f:\glinttsd\vina-gpu-v2.0-cuda\x64\release\monte_carlo.obj
f:\glinttsd\vina-gpu-v2.0-cuda\x64\release\model.obj
f:\glinttsd\vina-gpu-v2.0-cuda\x64\release\manifold.obj
f:\glinttsd\vina-gpu-v2.0-cuda\x64\release\grid.obj
f:\glinttsd\vina-gpu-v2.0-cuda\x64\release\everything.obj
f:\glinttsd\vina-gpu-v2.0-cuda\x64\release\current_weights.obj
f:\glinttsd\vina-gpu-v2.0-cuda\x64\release\coords.obj
f:\glinttsd\vina-gpu-v2.0-cuda\x64\release\cache.obj
f:\glinttsd\vina-gpu-v2.0-cuda\x64\release\main.obj
f:\glinttsd\vina-gpu-v2.0-cuda\x64\release\weighted_terms.obj
f:\glinttsd\vina-gpu-v2.0-cuda\x64\release\terms.obj
f:\glinttsd\vina-gpu-v2.0-cuda\x64\release\szv_grid.obj
f:\glinttsd\vina-gpu-v2.0-cuda\x64\release\vina-gpu-v2.0-cuda.exe
f:\glinttsd\vina-gpu-v2.0-cuda\x64\release\vina-gpu-v2.0-cuda.pdb
f:\glinttsd\vina-gpu-v2.0-cuda\x64\release\vina-gpu-v2.0-cuda.lib
f:\glinttsd\vina-gpu-v2.0-cuda\x64\release\vina-gpu-v2.0-cuda.exp
f:\glinttsd\vina-gpu-v2.0-cuda\x64\release\vina-gpu-v2.0-cuda.ipdb
f:\glinttsd\vina-gpu-v2.0-cuda\x64\release\vina-gpu-v2.0-cuda.iobj
f:\glinttsd\vina-gpu-v2.0-cuda\x64\release\kernel2.cu.cache
f:\glinttsd\vina-gpu-v2.0-cuda\x64\release\kernel2.cu.obj
f:\glinttsd\vina-gpu-v2.0-cuda\x64\release\vina-gpu.25d0d2d3.tlog\cl.command.1.tlog
f:\glinttsd\vina-gpu-v2.0-cuda\x64\release\vina-gpu.25d0d2d3.tlog\cl.read.1.tlog
f:\glinttsd\vina-gpu-v2.0-cuda\x64\release\vina-gpu.25d0d2d3.tlog\cl.write.1.tlog
f:\glinttsd\vina-gpu-v2.0-cuda\x64\release\vina-gpu.25d0d2d3.tlog\cudacompile.read.1u.tlog
f:\glinttsd\vina-gpu-v2.0-cuda\x64\release\vina-gpu.25d0d2d3.tlog\cudacompile.write.1u.tlog
f:\glinttsd\vina-gpu-v2.0-cuda\x64\release\vina-gpu.25d0d2d3.tlog\link.command.1.tlog
f:\glinttsd\vina-gpu-v2.0-cuda\x64\release\vina-gpu.25d0d2d3.tlog\link.read.1.tlog
f:\glinttsd\vina-gpu-v2.0-cuda\x64\release\vina-gpu.25d0d2d3.tlog\link.write.1.tlog
f:\glinttsd\vina-gpu-v2.0-cuda\x64\release\vina-gpu.25d0d2d3.tlog\vina-gpu-v2.0-cuda.write.1u.tlog
