f:\glinttsd\vina-gpu-v2.0-cuda\x64\debug\vc142.pdb
f:\glinttsd\vina-gpu-v2.0-cuda\x64\debug\vc142.idb
f:\glinttsd\vina-gpu-v2.0-cuda\x64\debug\ssd.obj
f:\glinttsd\vina-gpu-v2.0-cuda\x64\debug\random.obj
f:\glinttsd\vina-gpu-v2.0-cuda\x64\debug\quaternion.obj
f:\glinttsd\vina-gpu-v2.0-cuda\x64\debug\quasi_newton.obj
f:\glinttsd\vina-gpu-v2.0-cuda\x64\debug\pdb.obj
f:\glinttsd\vina-gpu-v2.0-cuda\x64\debug\parse_pdbqt.obj
f:\glinttsd\vina-gpu-v2.0-cuda\x64\debug\parallel_progress.obj
f:\glinttsd\vina-gpu-v2.0-cuda\x64\debug\parallel_mc.obj
f:\glinttsd\vina-gpu-v2.0-cuda\x64\debug\non_cache.obj
f:\glinttsd\vina-gpu-v2.0-cuda\x64\debug\naive_non_cache.obj
f:\glinttsd\vina-gpu-v2.0-cuda\x64\debug\my_pid.obj
f:\glinttsd\vina-gpu-v2.0-cuda\x64\debug\mutate.obj
f:\glinttsd\vina-gpu-v2.0-cuda\x64\debug\monte_carlo.obj
f:\glinttsd\vina-gpu-v2.0-cuda\x64\debug\model.obj
f:\glinttsd\vina-gpu-v2.0-cuda\x64\debug\manifold.obj
f:\glinttsd\vina-gpu-v2.0-cuda\x64\debug\grid.obj
f:\glinttsd\vina-gpu-v2.0-cuda\x64\debug\everything.obj
f:\glinttsd\vina-gpu-v2.0-cuda\x64\debug\current_weights.obj
f:\glinttsd\vina-gpu-v2.0-cuda\x64\debug\coords.obj
f:\glinttsd\vina-gpu-v2.0-cuda\x64\debug\cache.obj
f:\glinttsd\vina-gpu-v2.0-cuda\x64\debug\main.obj
f:\glinttsd\vina-gpu-v2.0-cuda\x64\debug\weighted_terms.obj
f:\glinttsd\vina-gpu-v2.0-cuda\x64\debug\terms.obj
f:\glinttsd\vina-gpu-v2.0-cuda\x64\debug\szv_grid.obj
f:\glinttsd\vina-gpu-v2.0-cuda\x64\debug\vina-gpu-v2.0-cuda.ilk
f:\glinttsd\vina-gpu-v2.0-cuda\x64\debug\vina-gpu-v2.0-cuda.exe
f:\glinttsd\vina-gpu-v2.0-cuda\x64\debug\vina-gpu-v2.0-cuda.pdb
f:\glinttsd\vina-gpu-v2.0-cuda\x64\debug\vina-gpu-v2.0-cuda.lib
f:\glinttsd\vina-gpu-v2.0-cuda\x64\debug\vina-gpu-v2.0-cuda.exp
f:\glinttsd\vina-gpu-v2.0-cuda\x64\debug\kernel2.cu.cache
f:\glinttsd\vina-gpu-v2.0-cuda\x64\debug\kernel2.cu.obj
f:\glinttsd\vina-gpu-v2.0-cuda\x64\debug\vina-gpu.25d0d2d3.tlog\cl.command.1.tlog
f:\glinttsd\vina-gpu-v2.0-cuda\x64\debug\vina-gpu.25d0d2d3.tlog\cl.read.1.tlog
f:\glinttsd\vina-gpu-v2.0-cuda\x64\debug\vina-gpu.25d0d2d3.tlog\cl.write.1.tlog
f:\glinttsd\vina-gpu-v2.0-cuda\x64\debug\vina-gpu.25d0d2d3.tlog\cudacompile.read.1u.tlog
f:\glinttsd\vina-gpu-v2.0-cuda\x64\debug\vina-gpu.25d0d2d3.tlog\cudacompile.write.1u.tlog
f:\glinttsd\vina-gpu-v2.0-cuda\x64\debug\vina-gpu.25d0d2d3.tlog\link.command.1.tlog
f:\glinttsd\vina-gpu-v2.0-cuda\x64\debug\vina-gpu.25d0d2d3.tlog\link.read.1.tlog
f:\glinttsd\vina-gpu-v2.0-cuda\x64\debug\vina-gpu.25d0d2d3.tlog\link.write.1.tlog
f:\glinttsd\vina-gpu-v2.0-cuda\x64\debug\vina-gpu.25d0d2d3.tlog\vina-gpu-v2.0-cuda.write.1u.tlog
